# ERROR
Return code: 1
ffmpeg version 4.2.7-0ubuntu0.1 Copyright (c) 2000-2022 the FFmpeg developers
  built with gcc 9 (Ubuntu 9.4.0-1ubuntu1~20.04.1)
  configuration: --prefix=/usr --extra-version=0ubuntu0.1 --toolchain=hardened --libdir=/usr/lib/x86_64-linux-gnu --incdir=/usr/include/x86_64-linux-gnu --arch=amd64 --enable-gpl --disable-stripping --enable-avresample --disable-filter=resample --enable-avisynth --enable-gnutls --enable-ladspa --enable-libaom --enable-libass --enable-libbluray --enable-libbs2b --enable-libcaca --enable-libcdio --enable-libcodec2 --enable-libflite --enable-libfontconfig --enable-libfreetype --enable-libfribidi --enable-libgme --enable-libgsm --enable-libjack --enable-libmp3lame --enable-libmysofa --enable-libopenjpeg --enable-libopenmpt --enable-libopus --enable-libpulse --enable-librsvg --enable-librubberband --enable-libshine --enable-libsnappy --enable-libsoxr --enable-libspeex --enable-libssh --enable-libtheora --enable-libtwolame --enable-libvidstab --enable-libvorbis --enable-libvpx --enable-libwavpack --enable-libwebp --enable-libx265 --enable-libxml2 --enable-libxvid --enable-libzmq --enable-libzvbi --enable-lv2 --enable-omx --enable-openal --enable-opencl --enable-opengl --enable-sdl2 --enable-libdc1394 --enable-libdrm --enable-libiec61883 --enable-nvenc --enable-chromaprint --enable-frei0r --enable-libx264 --enable-shared
  libavutil      56. 31.100 / 56. 31.100
  libavcodec     58. 54.100 / 58. 54.100
  libavformat    58. 29.100 / 58. 29.100
  libavdevice    58.  8.100 / 58.  8.100
  libavfilter     7. 57.100 /  7. 57.100
  libavresample   4.  0.  0 /  4.  0.  0
  libswscale      5.  5.100 /  5.  5.100
  libswresample   3.  5.100 /  3.  5.100
  libpostproc    55.  5.100 / 55.  5.100
Input #0, mov,mp4,m4a,3gp,3g2,mj2, from 'data/Obama/Obama.mp4':
  Metadata:
    major_brand     : isom
    minor_version   : 512
    compatible_brands: isomiso2avc1mp41
    date            : 2021/06/24 23:54:51
    encoder         : Lavf58.29.100
  Duration: 00:05:20.00, start: 0.000000, bitrate: 635 kb/s
    Stream #0:0(und): Video: h264 (High) (avc1 / 0x31637661), yuv420p, 450x450 [SAR 1:1 DAR 1:1], 480 kb/s, 25 fps, 25 tbr, 12800 tbn, 50 tbc (default)
    Metadata:
      handler_name    : VideoHandler
    Stream #0:1(und): Audio: aac (LC) (mp4a / 0x6134706D), 48000 Hz, stereo, fltp, 149 kb/s (default)
    Metadata:
      handler_name    : SoundHandler
File 'data/Obama/aud.wav' already exists. Overwrite ? [y/N] Not overwriting - exiting
ffmpeg version 4.2.7-0ubuntu0.1 Copyright (c) 2000-2022 the FFmpeg developers
  built with gcc 9 (Ubuntu 9.4.0-1ubuntu1~20.04.1)
  configuration: --prefix=/usr --extra-version=0ubuntu0.1 --toolchain=hardened --libdir=/usr/lib/x86_64-linux-gnu --incdir=/usr/include/x86_64-linux-gnu --arch=amd64 --enable-gpl --disable-stripping --enable-avresample --disable-filter=resample --enable-avisynth --enable-gnutls --enable-ladspa --enable-libaom --enable-libass --enable-libbluray --enable-libbs2b --enable-libcaca --enable-libcdio --enable-libcodec2 --enable-libflite --enable-libfontconfig --enable-libfreetype --enable-libfribidi --enable-libgme --enable-libgsm --enable-libjack --enable-libmp3lame --enable-libmysofa --enable-libopenjpeg --enable-libopenmpt --enable-libopus --enable-libpulse --enable-librsvg --enable-librubberband --enable-libshine --enable-libsnappy --enable-libsoxr --enable-libspeex --enable-libssh --enable-libtheora --enable-libtwolame --enable-libvidstab --enable-libvorbis --enable-libvpx --enable-libwavpack --enable-libwebp --enable-libx265 --enable-libxml2 --enable-libxvid --enable-libzmq --enable-libzvbi --enable-lv2 --enable-omx --enable-openal --enable-opencl --enable-opengl --enable-sdl2 --enable-libdc1394 --enable-libdrm --enable-libiec61883 --enable-nvenc --enable-chromaprint --enable-frei0r --enable-libx264 --enable-shared
  libavutil      56. 31.100 / 56. 31.100
  libavcodec     58. 54.100 / 58. 54.100
  libavformat    58. 29.100 / 58. 29.100
  libavdevice    58.  8.100 / 58.  8.100
  libavfilter     7. 57.100 /  7. 57.100
  libavresample   4.  0.  0 /  4.  0.  0
  libswscale      5.  5.100 /  5.  5.100
  libswresample   3.  5.100 /  3.  5.100
  libpostproc    55.  5.100 / 55.  5.100
Input #0, mov,mp4,m4a,3gp,3g2,mj2, from 'data/Obama/Obama.mp4':
  Metadata:
    major_brand     : isom
    minor_version   : 512
    compatible_brands: isomiso2avc1mp41
    date            : 2021/06/24 23:54:51
    encoder         : Lavf58.29.100
  Duration: 00:05:20.00, start: 0.000000, bitrate: 635 kb/s
    Stream #0:0(und): Video: h264 (High) (avc1 / 0x31637661), yuv420p, 450x450 [SAR 1:1 DAR 1:1], 480 kb/s, 25 fps, 25 tbr, 12800 tbn, 50 tbc (default)
    Metadata:
      handler_name    : VideoHandler
    Stream #0:1(und): Audio: aac (LC) (mp4a / 0x6134706D), 48000 Hz, stereo, fltp, 149 kb/s (default)
    Metadata:
      handler_name    : SoundHandler
Stream mapping:
  Stream #0:0 -> #0:0 (h264 (native) -> mjpeg (native))
Press [q] to stop, [?] for help
[swscaler @ 0x5f3285c20980] deprecated pixel format used, make sure you did set range correctly
Output #0, image2, to 'data/Obama/ori_imgs/%d.jpg':
  Metadata:
    major_brand     : isom
    minor_version   : 512
    compatible_brands: isomiso2avc1mp41
    date            : 2021/06/24 23:54:51
    encoder         : Lavf58.29.100
    Stream #0:0(und): Video: mjpeg, yuvj420p(pc), 450x450 [SAR 1:1 DAR 1:1], q=1-31, 200 kb/s, 25 fps, 25 tbn, 25 tbc (default)
    Metadata:
      handler_name    : VideoHandler
      encoder         : Lavc58.54.100 mjpeg
    Side data:
      cpb: bitrate max/min/avg: 0/0/200000 buffer size: 0 vbv_delay: -1
frame=  718 fps=0.0 q=1.0 size=N/A time=00:00:28.48 bitrate=N/A speed=56.9x    
frame= 1497 fps=1496 q=1.0 size=N/A time=00:00:59.64 bitrate=N/A speed=59.6x    
frame= 2260 fps=1506 q=1.0 size=N/A time=00:01:30.16 bitrate=N/A speed=60.1x    
frame= 3040 fps=1519 q=1.0 size=N/A time=00:02:01.36 bitrate=N/A speed=60.6x    
frame= 3805 fps=1521 q=1.0 size=N/A time=00:02:31.96 bitrate=N/A speed=60.8x    
frame= 4601 fps=1533 q=1.0 size=N/A time=00:03:03.80 bitrate=N/A speed=61.2x    
frame= 5382 fps=1537 q=1.0 size=N/A time=00:03:35.04 bitrate=N/A speed=61.4x    
frame= 6160 fps=1539 q=1.0 size=N/A time=00:04:06.16 bitrate=N/A speed=61.5x    
frame= 6886 fps=1529 q=1.0 size=N/A time=00:04:35.20 bitrate=N/A speed=61.1x    
frame= 7673 fps=1534 q=1.0 size=N/A time=00:05:06.68 bitrate=N/A speed=61.3x    
frame= 8000 fps=1534 q=1.0 Lsize=N/A time=00:05:20.00 bitrate=N/A speed=61.4x    
video:264207kB audio:0kB subtitle:0kB other streams:0kB global headers:0kB muxing overhead: unknown
Downloading: "https://download.pytorch.org/models/resnet18-5c106cde.pth" to /root/.cache/torch/hub/checkpoints/resnet18-5c106cde.pth

  0%|          | 0.00/44.7M [00:00<?, ?B/s]
  0%|          | 24.0k/44.7M [00:00<03:56, 198kB/s]
  0%|          | 64.0k/44.7M [00:00<03:29, 223kB/s]
  1%|          | 320k/44.7M [00:00<00:44, 1.04MB/s]
  1%|          | 440k/44.7M [00:00<00:50, 911kB/s] 
  1%|▏         | 656k/44.7M [00:00<00:36, 1.25MB/s]
  2%|▏         | 800k/44.7M [00:00<00:47, 973kB/s] 
  2%|▏         | 920k/44.7M [00:01<01:21, 561kB/s]
  2%|▏         | 1.11M/44.7M [00:01<00:56, 808kB/s]
  3%|▎         | 1.23M/44.7M [00:01<01:10, 644kB/s]
  3%|▎         | 1.45M/44.7M [00:01<00:50, 895kB/s]
  4%|▎         | 1.59M/44.7M [00:02<00:53, 837kB/s]
  4%|▍         | 1.75M/44.7M [00:02<00:48, 929kB/s]
  4%|▍         | 1.91M/44.7M [00:02<00:45, 989kB/s]
  5%|▍         | 2.06M/44.7M [00:02<00:45, 985kB/s]
  5%|▍         | 2.23M/44.7M [00:02<00:41, 1.07MB/s]
  5%|▌         | 2.38M/44.7M [00:02<00:40, 1.09MB/s]
  6%|▌         | 2.56M/44.7M [00:02<00:40, 1.10MB/s]
  6%|▌         | 2.72M/44.7M [00:03<00:40, 1.09MB/s]
  6%|▋         | 2.83M/44.7M [00:03<00:44, 996kB/s] 
  7%|▋         | 3.00M/44.7M [00:03<00:42, 1.03MB/s]
  7%|▋         | 3.16M/44.7M [00:03<00:39, 1.09MB/s]
  7%|▋         | 3.28M/44.7M [00:03<00:47, 922kB/s] 
  8%|▊         | 3.48M/44.7M [00:03<00:38, 1.13MB/s]
  8%|▊         | 3.65M/44.7M [00:04<00:39, 1.09MB/s]
  9%|▊         | 3.82M/44.7M [00:04<00:36, 1.18MB/s]
  9%|▉         | 3.95M/44.7M [00:04<00:40, 1.04MB/s]
  9%|▉         | 4.05M/44.7M [00:04<00:42, 1.00MB/s]
  9%|▉         | 4.24M/44.7M [00:04<00:53, 785kB/s] 
 10%|▉         | 4.37M/44.7M [00:04<00:50, 835kB/s]
 10%|█         | 4.57M/44.7M [00:05<00:39, 1.07MB/s]
 11%|█         | 4.70M/44.7M [00:05<00:46, 898kB/s] 
 11%|█         | 4.85M/44.7M [00:05<00:41, 1.01MB/s]
 11%|█         | 4.97M/44.7M [00:05<00:42, 984kB/s] 
 11%|█▏        | 5.08M/44.7M [00:05<00:42, 985kB/s]
 12%|█▏        | 5.43M/44.7M [00:07<01:54, 360kB/s]
 12%|█▏        | 5.54M/44.7M [00:07<01:41, 404kB/s]
 13%|█▎        | 5.62M/44.7M [00:07<01:31, 446kB/s]
 13%|█▎        | 5.77M/44.7M [00:07<01:13, 555kB/s]
 13%|█▎        | 5.87M/44.7M [00:07<01:20, 508kB/s]
 14%|█▎        | 6.04M/44.7M [00:08<01:13, 551kB/s]
 14%|█▍        | 6.21M/44.7M [00:08<00:57, 707kB/s]
 14%|█▍        | 6.34M/44.7M [00:08<00:50, 803kB/s]
 14%|█▍        | 6.45M/44.7M [00:08<00:53, 746kB/s]
 15%|█▍        | 6.55M/44.7M [00:08<01:01, 652kB/s]
 15%|█▍        | 6.63M/44.7M [00:08<00:59, 670kB/s]
 15%|█▌        | 6.76M/44.7M [00:09<00:59, 668kB/s]
 15%|█▌        | 6.88M/44.7M [00:09<00:51, 768kB/s]
 16%|█▌        | 6.97M/44.7M [00:09<00:52, 746kB/s]
 16%|█▌        | 7.05M/44.7M [00:09<00:55, 716kB/s]
 16%|█▌        | 7.13M/44.7M [00:09<00:55, 712kB/s]
 16%|█▌        | 7.21M/44.7M [00:09<00:56, 690kB/s]
 16%|█▋        | 7.29M/44.7M [00:09<00:54, 720kB/s]
 16%|█▋        | 7.37M/44.7M [00:09<01:00, 650kB/s]
 17%|█▋        | 7.48M/44.7M [00:10<00:53, 735kB/s]
 17%|█▋        | 7.55M/44.7M [00:10<00:53, 732kB/s]
 17%|█▋        | 7.63M/44.7M [00:10<00:58, 666kB/s]
 17%|█▋        | 7.70M/44.7M [00:10<00:59, 649kB/s]
 17%|█▋        | 7.80M/44.7M [00:10<00:52, 731kB/s]
 18%|█▊        | 7.88M/44.7M [00:10<00:52, 732kB/s]
 18%|█▊        | 7.95M/44.7M [00:10<01:01, 624kB/s]
 18%|█▊        | 8.02M/44.7M [00:11<01:02, 612kB/s]
 18%|█▊        | 8.14M/44.7M [00:11<00:50, 754kB/s]
 18%|█▊        | 8.22M/44.7M [00:11<00:52, 721kB/s]
 19%|█▊        | 8.30M/44.7M [00:11<01:02, 609kB/s]
 19%|█▉        | 8.39M/44.7M [00:11<00:55, 684kB/s]
 19%|█▉        | 8.46M/44.7M [00:11<01:04, 590kB/s]
 19%|█▉        | 8.55M/44.7M [00:11<01:06, 569kB/s]
 19%|█▉        | 8.61M/44.7M [00:12<01:06, 568kB/s]
 19%|█▉        | 8.69M/44.7M [00:12<01:06, 567kB/s]
 20%|█▉        | 8.80M/44.7M [00:12<01:06, 569kB/s]
 20%|█▉        | 8.86M/44.7M [00:12<01:14, 501kB/s]
 20%|██        | 8.97M/44.7M [00:12<01:04, 580kB/s]
 20%|██        | 9.07M/44.7M [00:12<01:05, 571kB/s]
 21%|██        | 9.16M/44.7M [00:13<01:06, 556kB/s]
 21%|██        | 9.23M/44.7M [00:13<01:14, 500kB/s]
 21%|██        | 9.40M/44.7M [00:13<00:54, 674kB/s]
 21%|██        | 9.47M/44.7M [00:13<01:04, 571kB/s]
 21%|██▏       | 9.56M/44.7M [00:13<01:04, 574kB/s]
 22%|██▏       | 9.66M/44.7M [00:13<00:55, 656kB/s]
 22%|██▏       | 9.73M/44.7M [00:13<00:55, 658kB/s]
 22%|██▏       | 9.80M/44.7M [00:14<00:57, 639kB/s]
 22%|██▏       | 9.88M/44.7M [00:14<01:10, 521kB/s]
 22%|██▏       | 9.96M/44.7M [00:14<01:05, 554kB/s]
 23%|██▎       | 10.1M/44.7M [00:14<00:57, 628kB/s]
 23%|██▎       | 10.1M/44.7M [00:14<00:59, 606kB/s]
 23%|██▎       | 10.2M/44.7M [00:14<00:57, 626kB/s]
 23%|██▎       | 10.3M/44.7M [00:14<01:02, 576kB/s]
 23%|██▎       | 10.3M/44.7M [00:15<01:07, 530kB/s]
 23%|██▎       | 10.4M/44.7M [00:15<01:13, 487kB/s]
 24%|██▎       | 10.5M/44.7M [00:15<00:50, 712kB/s]
 24%|██▎       | 10.6M/44.7M [00:15<00:49, 724kB/s]
 24%|██▍       | 10.7M/44.7M [00:15<00:57, 622kB/s]
 24%|██▍       | 10.8M/44.7M [00:15<01:02, 572kB/s]
 24%|██▍       | 10.8M/44.7M [00:15<01:08, 516kB/s]
 24%|██▍       | 10.9M/44.7M [00:16<01:00, 581kB/s]
 25%|██▍       | 11.0M/44.7M [00:16<00:55, 635kB/s]
 25%|██▍       | 11.1M/44.7M [00:16<00:59, 589kB/s]
 25%|██▍       | 11.1M/44.7M [00:16<01:04, 548kB/s]
 25%|██▌       | 11.2M/44.7M [00:16<01:01, 566kB/s]
 25%|██▌       | 11.3M/44.7M [00:16<01:05, 531kB/s]
 25%|██▌       | 11.3M/44.7M [00:16<01:01, 573kB/s]
 26%|██▌       | 11.4M/44.7M [00:17<01:20, 431kB/s]
 26%|██▌       | 11.6M/44.7M [00:17<01:13, 474kB/s]
 26%|██▌       | 11.7M/44.7M [00:17<01:03, 544kB/s]
 26%|██▋       | 11.8M/44.7M [00:17<01:04, 534kB/s]
 27%|██▋       | 11.9M/44.7M [00:17<01:02, 551kB/s]
 27%|██▋       | 11.9M/44.7M [00:18<00:58, 586kB/s]
 27%|██▋       | 12.0M/44.7M [00:18<01:04, 533kB/s]
 27%|██▋       | 12.1M/44.7M [00:18<01:05, 525kB/s]
 27%|██▋       | 12.2M/44.7M [00:18<01:06, 512kB/s]
 27%|██▋       | 12.2M/44.7M [00:18<01:03, 535kB/s]
 28%|██▊       | 12.3M/44.7M [00:18<01:12, 466kB/s]
 28%|██▊       | 12.3M/44.7M [00:19<01:20, 421kB/s]
 28%|██▊       | 12.4M/44.7M [00:19<01:04, 528kB/s]
 28%|██▊       | 12.5M/44.7M [00:19<01:25, 396kB/s]
 28%|██▊       | 12.5M/44.7M [00:19<01:39, 339kB/s]
 28%|██▊       | 12.6M/44.7M [00:19<01:22, 409kB/s]
 28%|██▊       | 12.7M/44.7M [00:19<01:22, 404kB/s]
 28%|██▊       | 12.7M/44.7M [00:20<01:43, 325kB/s]
 29%|██▊       | 12.8M/44.7M [00:20<01:38, 339kB/s]
 29%|██▊       | 12.8M/44.7M [00:20<01:20, 413kB/s]
 29%|██▉       | 12.9M/44.7M [00:20<01:41, 327kB/s]
 29%|██▉       | 13.0M/44.7M [00:20<01:13, 450kB/s]
 29%|██▉       | 13.0M/44.7M [00:20<01:22, 404kB/s]
 29%|██▉       | 13.1M/44.7M [00:21<01:21, 406kB/s]
 29%|██▉       | 13.1M/44.7M [00:21<01:21, 403kB/s]
 29%|██▉       | 13.2M/44.7M [00:21<01:14, 441kB/s]
 30%|██▉       | 13.2M/44.7M [00:21<01:18, 419kB/s]
 30%|██▉       | 13.3M/44.7M [00:21<01:25, 386kB/s]
 30%|██▉       | 13.3M/44.7M [00:21<01:18, 419kB/s]
 30%|██▉       | 13.4M/44.7M [00:21<01:32, 355kB/s]
 30%|███       | 13.5M/44.7M [00:22<01:29, 367kB/s]
 30%|███       | 13.5M/44.7M [00:22<01:22, 397kB/s]
 30%|███       | 13.6M/44.7M [00:22<01:29, 365kB/s]
 31%|███       | 13.6M/44.7M [00:22<01:18, 413kB/s]
 31%|███       | 13.7M/44.7M [00:22<01:21, 398kB/s]
 31%|███       | 13.7M/44.7M [00:22<01:32, 352kB/s]
 31%|███       | 13.8M/44.7M [00:22<01:04, 503kB/s]
 31%|███       | 13.9M/44.7M [00:23<00:58, 552kB/s]
 31%|███▏      | 14.0M/44.7M [00:23<01:06, 481kB/s]
 32%|███▏      | 14.1M/44.7M [00:23<00:55, 578kB/s]
 32%|███▏      | 14.1M/44.7M [00:23<01:12, 444kB/s]
 32%|███▏      | 14.2M/44.7M [00:23<00:57, 551kB/s]
 32%|███▏      | 14.3M/44.7M [00:23<00:49, 646kB/s]
 32%|███▏      | 14.4M/44.7M [00:23<00:47, 666kB/s]
 33%|███▎      | 14.5M/44.7M [00:24<00:54, 579kB/s]
 33%|███▎      | 14.6M/44.7M [00:24<00:51, 607kB/s]
 33%|███▎      | 14.8M/44.7M [00:24<00:53, 589kB/s]
 33%|███▎      | 14.8M/44.7M [00:24<00:56, 554kB/s]
 33%|███▎      | 14.9M/44.7M [00:24<00:49, 627kB/s]
 34%|███▎      | 15.0M/44.7M [00:25<00:53, 584kB/s]
 34%|███▎      | 15.1M/44.7M [00:25<00:53, 582kB/s]
 34%|███▍      | 15.1M/44.7M [00:25<00:58, 531kB/s]
 34%|███▍      | 15.2M/44.7M [00:25<01:07, 458kB/s]
 34%|███▍      | 15.3M/44.7M [00:25<00:55, 560kB/s]
 34%|███▍      | 15.3M/44.7M [00:25<01:07, 455kB/s]
 34%|███▍      | 15.4M/44.7M [00:25<01:01, 495kB/s]
 35%|███▍      | 15.5M/44.7M [00:26<01:02, 490kB/s]
 35%|███▍      | 15.6M/44.7M [00:26<00:54, 563kB/s]
 35%|███▌      | 15.7M/44.7M [00:26<00:51, 586kB/s]
 35%|███▌      | 15.8M/44.7M [00:26<00:56, 540kB/s]
 35%|███▌      | 15.8M/44.7M [00:26<01:04, 467kB/s]
 36%|███▌      | 15.9M/44.7M [00:26<00:50, 598kB/s]
 36%|███▌      | 16.0M/44.7M [00:27<00:58, 517kB/s]
 36%|███▌      | 16.1M/44.7M [00:27<01:02, 482kB/s]
 36%|███▌      | 16.2M/44.7M [00:27<00:54, 553kB/s]
 36%|███▋      | 16.3M/44.7M [00:27<00:54, 545kB/s]
 37%|███▋      | 16.4M/44.7M [00:27<00:47, 619kB/s]
 37%|███▋      | 16.5M/44.7M [00:27<00:47, 618kB/s]
 37%|███▋      | 16.5M/44.7M [00:28<00:50, 582kB/s]
 37%|███▋      | 16.6M/44.7M [00:28<00:50, 588kB/s]
 37%|███▋      | 16.7M/44.7M [00:28<00:51, 574kB/s]
 38%|███▊      | 16.8M/44.7M [00:28<00:47, 618kB/s]
 38%|███▊      | 16.8M/44.7M [00:28<00:53, 545kB/s]
 38%|███▊      | 16.9M/44.7M [00:28<00:57, 505kB/s]
 38%|███▊      | 17.1M/44.7M [00:28<00:40, 712kB/s]
 38%|███▊      | 17.2M/44.7M [00:29<00:45, 629kB/s]
 39%|███▊      | 17.2M/44.7M [00:29<00:41, 692kB/s]
 39%|███▉      | 17.3M/44.7M [00:29<00:42, 670kB/s]
 39%|███▉      | 17.4M/44.7M [00:29<00:55, 514kB/s]
 39%|███▉      | 17.5M/44.7M [00:29<00:50, 564kB/s]
 39%|███▉      | 17.6M/44.7M [00:29<00:51, 549kB/s]
 40%|███▉      | 17.6M/44.7M [00:30<00:51, 545kB/s]
 40%|███▉      | 17.8M/44.7M [00:30<00:45, 625kB/s]
 40%|███▉      | 17.8M/44.7M [00:30<00:45, 624kB/s]
 40%|████      | 17.9M/44.7M [00:30<00:55, 508kB/s]
 40%|████      | 18.0M/44.7M [00:30<00:47, 591kB/s]
 40%|████      | 18.0M/44.7M [00:30<00:51, 540kB/s]
 40%|████      | 18.1M/44.7M [00:30<00:51, 546kB/s]
 41%|████      | 18.2M/44.7M [00:31<00:52, 526kB/s]
 41%|████      | 18.2M/44.7M [00:31<00:52, 526kB/s]
 41%|████      | 18.3M/44.7M [00:31<00:52, 525kB/s]
 41%|████      | 18.4M/44.7M [00:31<00:46, 595kB/s]
 41%|████▏     | 18.4M/44.7M [00:31<00:50, 540kB/s]
 41%|████▏     | 18.5M/44.7M [00:31<01:00, 455kB/s]
 42%|████▏     | 18.6M/44.7M [00:31<00:52, 518kB/s]
 42%|████▏     | 18.7M/44.7M [00:32<00:48, 564kB/s]
 42%|████▏     | 18.8M/44.7M [00:32<00:42, 645kB/s]
 42%|████▏     | 18.9M/44.7M [00:32<00:48, 560kB/s]
 42%|████▏     | 18.9M/44.7M [00:32<00:52, 517kB/s]
 43%|████▎     | 19.0M/44.7M [00:32<00:52, 515kB/s]
 43%|████▎     | 19.1M/44.7M [00:32<00:55, 486kB/s]
 43%|████▎     | 19.1M/44.7M [00:33<00:59, 449kB/s]
 43%|████▎     | 19.2M/44.7M [00:33<00:58, 453kB/s]
 43%|████▎     | 19.3M/44.7M [00:33<00:58, 455kB/s]
 43%|████▎     | 19.4M/44.7M [00:33<00:55, 477kB/s]
 44%|████▎     | 19.5M/44.7M [00:33<01:02, 424kB/s]
 44%|████▍     | 19.6M/44.7M [00:33<00:57, 458kB/s]
 44%|████▍     | 19.6M/44.7M [00:34<00:52, 504kB/s]
 44%|████▍     | 19.7M/44.7M [00:34<00:51, 510kB/s]
 44%|████▍     | 19.8M/44.7M [00:34<00:52, 499kB/s]
 44%|████▍     | 19.8M/44.7M [00:34<00:51, 509kB/s]
 45%|████▍     | 19.9M/44.7M [00:34<00:50, 516kB/s]
 45%|████▍     | 19.9M/44.7M [00:34<01:00, 426kB/s]
 45%|████▍     | 20.0M/44.7M [00:34<01:05, 398kB/s]
 45%|████▍     | 20.1M/44.7M [00:35<00:52, 494kB/s]
 45%|████▌     | 20.1M/44.7M [00:35<01:00, 426kB/s]
 45%|████▌     | 20.2M/44.7M [00:35<01:13, 350kB/s]
 45%|████▌     | 20.2M/44.7M [00:35<01:19, 324kB/s]
 46%|████▌     | 20.3M/44.7M [00:35<00:57, 446kB/s]
 46%|████▌     | 20.5M/44.7M [00:35<00:49, 514kB/s]
 46%|████▌     | 20.6M/44.7M [00:36<00:39, 636kB/s]
 46%|████▌     | 20.6M/44.7M [00:36<00:45, 556kB/s]
 46%|████▋     | 20.7M/44.7M [00:36<00:48, 512kB/s]
 47%|████▋     | 20.8M/44.7M [00:36<00:44, 560kB/s]
 47%|████▋     | 20.9M/44.7M [00:36<00:52, 475kB/s]
 47%|████▋     | 21.2M/44.7M [00:38<01:29, 274kB/s]
 48%|████▊     | 21.2M/44.7M [00:38<01:31, 270kB/s]
 48%|████▊     | 21.3M/44.7M [00:38<01:18, 310kB/s]
 48%|████▊     | 21.4M/44.7M [00:38<01:03, 384kB/s]
 48%|████▊     | 21.5M/44.7M [00:38<00:54, 446kB/s]
 48%|████▊     | 21.6M/44.7M [00:39<00:58, 417kB/s]
 49%|████▊     | 21.7M/44.7M [00:39<00:54, 444kB/s]
 49%|████▊     | 21.8M/44.7M [00:39<00:51, 469kB/s]
 49%|████▉     | 21.8M/44.7M [00:39<00:49, 479kB/s]
 49%|████▉     | 21.9M/44.7M [00:39<00:48, 494kB/s]
 49%|████▉     | 22.0M/44.7M [00:39<00:46, 507kB/s]
 49%|████▉     | 22.1M/44.7M [00:40<00:44, 535kB/s]
 50%|████▉     | 22.1M/44.7M [00:40<00:45, 518kB/s]
 50%|████▉     | 22.2M/44.7M [00:40<00:50, 470kB/s]
 50%|████▉     | 22.2M/44.7M [00:40<00:51, 458kB/s]
 50%|████▉     | 22.3M/44.7M [00:40<00:55, 420kB/s]
 50%|█████     | 22.3M/44.7M [00:40<00:51, 457kB/s]
 50%|█████     | 22.4M/44.7M [00:40<00:50, 460kB/s]
 50%|█████     | 22.4M/44.7M [00:40<00:48, 481kB/s]
 50%|█████     | 22.5M/44.7M [00:41<00:54, 423kB/s]
 50%|█████     | 22.5M/44.7M [00:41<00:51, 454kB/s]
 51%|█████     | 22.6M/44.7M [00:41<01:03, 363kB/s]
 51%|█████     | 22.7M/44.7M [00:41<01:01, 374kB/s]
 51%|█████     | 22.7M/44.7M [00:41<00:53, 426kB/s]
 51%|█████     | 22.8M/44.7M [00:41<00:55, 410kB/s]
 51%|█████     | 22.8M/44.7M [00:41<00:50, 450kB/s]
 51%|█████     | 22.9M/44.7M [00:42<00:56, 405kB/s]
 51%|█████▏    | 23.0M/44.7M [00:42<00:51, 443kB/s]
 52%|█████▏    | 23.0M/44.7M [00:42<00:52, 429kB/s]
 52%|█████▏    | 23.1M/44.7M [00:42<00:54, 419kB/s]
 52%|█████▏    | 23.1M/44.7M [00:42<00:55, 408kB/s]
 52%|█████▏    | 23.2M/44.7M [00:42<01:04, 351kB/s]
 52%|█████▏    | 23.2M/44.7M [00:43<00:51, 434kB/s]
 52%|█████▏    | 23.3M/44.7M [00:43<01:03, 351kB/s]
 52%|█████▏    | 23.4M/44.7M [00:43<00:50, 439kB/s]
 52%|█████▏    | 23.4M/44.7M [00:43<01:13, 303kB/s]
 53%|█████▎    | 23.5M/44.7M [00:43<00:53, 411kB/s]
 53%|█████▎    | 23.6M/44.7M [00:43<00:50, 438kB/s]
 53%|█████▎    | 23.6M/44.7M [00:44<00:48, 451kB/s]
 53%|█████▎    | 23.7M/44.7M [00:44<00:58, 378kB/s]
 53%|█████▎    | 23.8M/44.7M [00:44<01:00, 361kB/s]
 53%|█████▎    | 23.8M/44.7M [00:44<01:00, 362kB/s]
 53%|█████▎    | 23.8M/44.7M [00:44<01:17, 282kB/s]
 54%|█████▎    | 23.9M/44.7M [00:44<01:06, 328kB/s]
 54%|█████▎    | 23.9M/44.7M [00:45<01:07, 322kB/s]
 54%|█████▎    | 24.0M/44.7M [00:45<01:20, 268kB/s]
 54%|█████▍    | 24.0M/44.7M [00:45<01:08, 317kB/s]
 54%|█████▍    | 24.1M/44.7M [00:45<01:08, 316kB/s]
 54%|█████▍    | 24.1M/44.7M [00:45<01:08, 312kB/s]
 54%|█████▍    | 24.2M/44.7M [00:45<01:09, 308kB/s]
 54%|█████▍    | 24.2M/44.7M [00:46<01:14, 289kB/s]
 54%|█████▍    | 24.3M/44.7M [00:46<01:08, 310kB/s]
 54%|█████▍    | 24.3M/44.7M [00:46<00:57, 371kB/s]
 55%|█████▍    | 24.4M/44.7M [00:46<01:05, 325kB/s]
 55%|█████▍    | 24.4M/44.7M [00:46<01:14, 286kB/s]
 55%|█████▍    | 24.4M/44.7M [00:46<01:06, 318kB/s]
 55%|█████▍    | 24.5M/44.7M [00:46<01:11, 295kB/s]
 55%|█████▍    | 24.5M/44.7M [00:47<01:15, 280kB/s]
 55%|█████▌    | 24.6M/44.7M [00:47<01:08, 309kB/s]
 55%|█████▌    | 24.6M/44.7M [00:47<01:06, 318kB/s]
 55%|█████▌    | 24.7M/44.7M [00:47<01:03, 331kB/s]
 55%|█████▌    | 24.7M/44.7M [00:47<01:01, 338kB/s]
 55%|█████▌    | 24.8M/44.7M [00:47<01:01, 341kB/s]
 56%|█████▌    | 24.8M/44.7M [00:48<01:18, 266kB/s]
 56%|█████▌    | 24.8M/44.7M [00:48<01:04, 323kB/s]
 56%|█████▌    | 24.9M/44.7M [00:48<01:12, 284kB/s]
 56%|█████▌    | 24.9M/44.7M [00:48<01:10, 296kB/s]
 56%|█████▌    | 25.0M/44.7M [00:48<01:04, 322kB/s]
 56%|█████▌    | 25.0M/44.7M [00:48<01:03, 322kB/s]
 56%|█████▌    | 25.1M/44.7M [00:49<01:31, 226kB/s]
 56%|█████▋    | 25.1M/44.7M [00:49<01:10, 292kB/s]
 56%|█████▋    | 25.2M/44.7M [00:49<01:16, 268kB/s]
 56%|█████▋    | 25.2M/44.7M [00:49<01:13, 276kB/s]
 57%|█████▋    | 25.2M/44.7M [00:49<01:14, 272kB/s]
 57%|█████▋    | 25.3M/44.7M [00:49<01:19, 254kB/s]
 57%|█████▋    | 25.3M/44.7M [00:50<01:06, 304kB/s]
 57%|█████▋    | 25.4M/44.7M [00:50<01:11, 285kB/s]
 57%|█████▋    | 25.4M/44.7M [00:50<01:18, 258kB/s]
 57%|█████▋    | 25.5M/44.7M [00:50<01:06, 303kB/s]
 57%|█████▋    | 25.5M/44.7M [00:50<01:16, 263kB/s]
 57%|█████▋    | 25.5M/44.7M [00:50<01:09, 287kB/s]
 57%|█████▋    | 25.6M/44.7M [00:51<01:17, 259kB/s]
 57%|█████▋    | 25.6M/44.7M [00:51<01:22, 243kB/s]
 57%|█████▋    | 25.7M/44.7M [00:51<01:09, 286kB/s]
 58%|█████▊    | 25.7M/44.7M [00:51<01:11, 279kB/s]
 58%|█████▊    | 25.7M/44.7M [00:51<01:12, 274kB/s]
 58%|█████▊    | 25.8M/44.7M [00:51<01:11, 276kB/s]
 58%|█████▊    | 25.8M/44.7M [00:51<01:04, 307kB/s]
 58%|█████▊    | 25.9M/44.7M [00:52<01:03, 310kB/s]
 58%|█████▊    | 25.9M/44.7M [00:52<01:12, 272kB/s]
 58%|█████▊    | 26.0M/44.7M [00:52<00:52, 373kB/s]
 58%|█████▊    | 26.0M/44.7M [00:52<00:52, 371kB/s]
 58%|█████▊    | 26.1M/44.7M [00:52<00:52, 374kB/s]
 58%|█████▊    | 26.1M/44.7M [00:52<01:01, 315kB/s]
 59%|█████▊    | 26.1M/44.7M [00:52<01:06, 292kB/s]
 59%|█████▉    | 26.3M/44.7M [00:53<00:50, 383kB/s]
 59%|█████▉    | 26.3M/44.7M [00:53<00:41, 459kB/s]
 59%|█████▉    | 26.4M/44.7M [00:53<00:46, 409kB/s]
 59%|█████▉    | 26.4M/44.7M [00:53<00:45, 424kB/s]
 59%|█████▉    | 26.5M/44.7M [00:53<00:55, 344kB/s]
 59%|█████▉    | 26.5M/44.7M [00:53<00:56, 339kB/s]
 59%|█████▉    | 26.6M/44.7M [00:54<01:22, 231kB/s]
 60%|█████▉    | 26.6M/44.7M [00:54<01:17, 245kB/s]
 60%|█████▉    | 26.6M/44.7M [00:54<01:23, 225kB/s]
 60%|█████▉    | 26.7M/44.7M [00:54<01:04, 291kB/s]
 60%|█████▉    | 26.8M/44.7M [00:54<01:02, 300kB/s]
 60%|█████▉    | 26.8M/44.7M [00:55<01:03, 294kB/s]
 60%|██████    | 26.8M/44.7M [00:55<01:21, 229kB/s]
 60%|██████    | 26.9M/44.7M [00:55<00:55, 334kB/s]
 60%|██████    | 26.9M/44.7M [00:55<00:54, 340kB/s]
 60%|██████    | 27.0M/44.7M [00:55<01:05, 283kB/s]
 61%|██████    | 27.0M/44.7M [00:55<01:06, 278kB/s]
 61%|██████    | 27.1M/44.7M [00:56<01:02, 294kB/s]
 61%|██████    | 27.1M/44.7M [00:56<01:13, 252kB/s]
 61%|██████    | 27.2M/44.7M [00:56<00:49, 368kB/s]
 61%|██████    | 27.3M/44.7M [00:56<00:56, 323kB/s]
 61%|██████    | 27.4M/44.7M [00:56<00:48, 375kB/s]
 61%|██████▏   | 27.4M/44.7M [00:57<00:59, 305kB/s]
 62%|██████▏   | 27.5M/44.7M [00:57<00:54, 329kB/s]
 62%|██████▏   | 27.6M/44.7M [00:57<00:52, 339kB/s]
 62%|██████▏   | 27.6M/44.7M [00:57<00:58, 304kB/s]
 62%|██████▏   | 27.7M/44.7M [00:57<00:43, 406kB/s]
 62%|██████▏   | 27.7M/44.7M [00:57<00:43, 412kB/s]
 62%|██████▏   | 27.8M/44.7M [00:58<00:42, 416kB/s]
 62%|██████▏   | 27.8M/44.7M [00:58<00:42, 411kB/s]
 63%|██████▎   | 27.9M/44.7M [00:58<00:43, 406kB/s]
 63%|██████▎   | 28.0M/44.7M [00:58<00:32, 541kB/s]
 63%|██████▎   | 28.1M/44.7M [00:58<00:37, 463kB/s]
 63%|██████▎   | 28.2M/44.7M [00:58<00:31, 541kB/s]
 63%|██████▎   | 28.2M/44.7M [00:58<00:31, 554kB/s]
 63%|██████▎   | 28.4M/44.7M [00:59<00:32, 528kB/s]
 64%|██████▎   | 28.5M/44.7M [00:59<00:29, 571kB/s]
 64%|██████▍   | 28.5M/44.7M [00:59<00:27, 616kB/s]
 64%|██████▍   | 28.7M/44.7M [00:59<00:21, 788kB/s]
 64%|██████▍   | 28.8M/44.7M [00:59<00:21, 759kB/s]
 65%|██████▍   | 28.9M/44.7M [00:59<00:23, 704kB/s]
 65%|██████▍   | 28.9M/44.7M [01:00<00:22, 720kB/s]
 65%|██████▌   | 29.1M/44.7M [01:00<00:24, 660kB/s]
 66%|██████▌   | 29.3M/44.7M [01:00<00:19, 808kB/s]
 66%|██████▌   | 29.4M/44.7M [01:00<00:17, 912kB/s]
 66%|██████▌   | 29.5M/44.7M [01:00<00:20, 785kB/s]
 66%|██████▋   | 29.6M/44.7M [01:00<00:20, 760kB/s]
 66%|██████▋   | 29.7M/44.7M [01:01<00:20, 748kB/s]
 67%|██████▋   | 29.8M/44.7M [01:01<00:22, 691kB/s]
 67%|██████▋   | 29.9M/44.7M [01:01<00:18, 848kB/s]
 67%|██████▋   | 30.0M/44.7M [01:01<00:19, 800kB/s]
 67%|██████▋   | 30.1M/44.7M [01:01<00:20, 759kB/s]
 68%|██████▊   | 30.2M/44.7M [01:01<00:20, 741kB/s]
 68%|██████▊   | 30.3M/44.7M [01:01<00:23, 644kB/s]
 68%|██████▊   | 30.3M/44.7M [01:01<00:22, 656kB/s]
 68%|██████▊   | 30.4M/44.7M [01:02<00:21, 704kB/s]
 68%|██████▊   | 30.5M/44.7M [01:02<00:26, 567kB/s]
 68%|██████▊   | 30.6M/44.7M [01:02<00:26, 559kB/s]
 69%|██████▉   | 30.7M/44.7M [01:02<00:21, 681kB/s]
 69%|██████▉   | 30.8M/44.7M [01:02<00:19, 747kB/s]
 69%|██████▉   | 30.9M/44.7M [01:02<00:18, 763kB/s]
 69%|██████▉   | 31.0M/44.7M [01:02<00:20, 708kB/s]
 70%|██████▉   | 31.0M/44.7M [01:03<00:20, 713kB/s]
 70%|██████▉   | 31.1M/44.7M [01:03<00:21, 647kB/s]
 70%|██████▉   | 31.2M/44.7M [01:03<00:25, 564kB/s]
 70%|███████   | 31.3M/44.7M [01:03<00:26, 529kB/s]
 71%|███████   | 31.6M/44.7M [01:03<00:16, 857kB/s]
 71%|███████   | 31.7M/44.7M [01:03<00:16, 845kB/s]
 71%|███████   | 31.8M/44.7M [01:04<00:17, 777kB/s]
 71%|███████▏  | 31.9M/44.7M [01:04<00:18, 726kB/s]
 72%|███████▏  | 32.1M/44.7M [01:04<00:15, 842kB/s]
 72%|███████▏  | 32.2M/44.7M [01:04<00:14, 874kB/s]
 72%|███████▏  | 32.3M/44.7M [01:04<00:13, 934kB/s]
 73%|███████▎  | 32.4M/44.7M [01:04<00:14, 861kB/s]
 73%|███████▎  | 32.5M/44.7M [01:04<00:16, 770kB/s]
 73%|███████▎  | 32.6M/44.7M [01:05<00:16, 751kB/s]
 73%|███████▎  | 32.6M/44.7M [01:05<00:16, 755kB/s]
 73%|███████▎  | 32.8M/44.7M [01:05<00:15, 823kB/s]
 74%|███████▎  | 32.8M/44.7M [01:05<00:15, 825kB/s]
 74%|███████▎  | 32.9M/44.7M [01:05<00:15, 778kB/s]
 74%|███████▍  | 33.0M/44.7M [01:05<00:16, 740kB/s]
 74%|███████▍  | 33.1M/44.7M [01:05<00:18, 650kB/s]
 74%|███████▍  | 33.2M/44.7M [01:06<00:17, 682kB/s]
 75%|███████▍  | 33.3M/44.7M [01:06<00:14, 802kB/s]
 75%|███████▍  | 33.4M/44.7M [01:06<00:19, 606kB/s]
 75%|███████▌  | 33.5M/44.7M [01:06<00:18, 645kB/s]
 75%|███████▌  | 33.7M/44.7M [01:06<00:14, 817kB/s]
 76%|███████▌  | 33.8M/44.7M [01:06<00:17, 668kB/s]
 76%|███████▌  | 33.8M/44.7M [01:07<00:18, 619kB/s]
 76%|███████▌  | 34.0M/44.7M [01:07<00:15, 728kB/s]
 76%|███████▋  | 34.1M/44.7M [01:07<00:15, 720kB/s]
 76%|███████▋  | 34.1M/44.7M [01:07<00:18, 608kB/s]
 77%|███████▋  | 34.3M/44.7M [01:07<00:13, 797kB/s]
 77%|███████▋  | 34.4M/44.7M [01:07<00:14, 741kB/s]
 77%|███████▋  | 34.6M/44.7M [01:08<00:33, 316kB/s]
 78%|███████▊  | 34.6M/44.7M [01:09<00:31, 335kB/s]
 78%|███████▊  | 34.7M/44.7M [01:09<00:27, 374kB/s]
 78%|███████▊  | 34.8M/44.7M [01:09<00:27, 370kB/s]
 78%|███████▊  | 34.9M/44.7M [01:09<00:23, 436kB/s]
 78%|███████▊  | 34.9M/44.7M [01:09<00:25, 406kB/s]
 78%|███████▊  | 35.0M/44.7M [01:09<00:22, 444kB/s]
 79%|███████▊  | 35.1M/44.7M [01:09<00:18, 541kB/s]
 79%|███████▊  | 35.2M/44.7M [01:10<00:22, 436kB/s]
 79%|███████▉  | 35.2M/44.7M [01:10<00:19, 501kB/s]
 79%|███████▉  | 35.3M/44.7M [01:10<00:20, 487kB/s]
 79%|███████▉  | 35.4M/44.7M [01:10<00:19, 505kB/s]
 79%|███████▉  | 35.5M/44.7M [01:10<00:20, 464kB/s]
 80%|███████▉  | 35.5M/44.7M [01:10<00:18, 530kB/s]
 80%|███████▉  | 35.6M/44.7M [01:11<00:18, 509kB/s]
 80%|████████  | 35.7M/44.7M [01:11<00:15, 611kB/s]
 80%|████████  | 35.8M/44.7M [01:11<00:15, 587kB/s]
 80%|████████  | 35.9M/44.7M [01:11<00:18, 506kB/s]
 81%|████████  | 36.0M/44.7M [01:11<00:16, 553kB/s]
 81%|████████  | 36.1M/44.7M [01:11<00:14, 640kB/s]
 81%|████████  | 36.1M/44.7M [01:11<00:13, 667kB/s]
 81%|████████  | 36.2M/44.7M [01:12<00:13, 635kB/s]
 81%|████████▏ | 36.3M/44.7M [01:12<00:16, 532kB/s]
 81%|████████▏ | 36.4M/44.7M [01:12<00:15, 555kB/s]
 82%|████████▏ | 36.4M/44.7M [01:12<00:15, 565kB/s]
 82%|████████▏ | 36.5M/44.7M [01:12<00:13, 644kB/s]
 82%|████████▏ | 36.6M/44.7M [01:12<00:13, 628kB/s]
 82%|████████▏ | 36.6M/44.7M [01:12<00:17, 486kB/s]
 82%|████████▏ | 36.7M/44.7M [01:13<00:19, 426kB/s]
 82%|████████▏ | 36.8M/44.7M [01:13<00:14, 555kB/s]
 83%|████████▎ | 36.9M/44.7M [01:13<00:15, 538kB/s]
 83%|████████▎ | 36.9M/44.7M [01:13<00:17, 454kB/s]
 83%|████████▎ | 37.0M/44.7M [01:13<00:15, 529kB/s]
 83%|████████▎ | 37.1M/44.7M [01:13<00:14, 544kB/s]
 83%|████████▎ | 37.2M/44.7M [01:14<00:15, 506kB/s]
 83%|████████▎ | 37.2M/44.7M [01:14<00:15, 517kB/s]
 83%|████████▎ | 37.3M/44.7M [01:14<00:17, 448kB/s]
 84%|████████▎ | 37.3M/44.7M [01:14<00:17, 438kB/s]
 84%|████████▎ | 37.4M/44.7M [01:14<00:20, 376kB/s]
 84%|████████▍ | 37.5M/44.7M [01:14<00:13, 534kB/s]
 84%|████████▍ | 37.6M/44.7M [01:14<00:14, 524kB/s]
 84%|████████▍ | 37.6M/44.7M [01:15<00:16, 435kB/s]
 84%|████████▍ | 37.7M/44.7M [01:15<00:18, 399kB/s]
 85%|████████▍ | 37.8M/44.7M [01:15<00:15, 467kB/s]
 85%|████████▍ | 37.8M/44.7M [01:15<00:17, 407kB/s]
 85%|████████▍ | 37.9M/44.7M [01:15<00:13, 522kB/s]
 85%|████████▌ | 38.0M/44.7M [01:15<00:14, 476kB/s]
 85%|████████▌ | 38.0M/44.7M [01:16<00:17, 407kB/s]
 85%|████████▌ | 38.2M/44.7M [01:16<00:14, 466kB/s]
 86%|████████▌ | 38.2M/44.7M [01:16<00:26, 260kB/s]
 86%|████████▌ | 38.3M/44.7M [01:17<00:25, 267kB/s]
 86%|████████▌ | 38.3M/44.7M [01:17<00:22, 292kB/s]
 86%|████████▌ | 38.4M/44.7M [01:17<00:18, 361kB/s]
 86%|████████▌ | 38.5M/44.7M [01:17<00:19, 342kB/s]
 86%|████████▋ | 38.5M/44.7M [01:17<00:16, 395kB/s]
 86%|████████▋ | 38.6M/44.7M [01:17<00:15, 418kB/s]
 87%|████████▋ | 38.7M/44.7M [01:18<00:16, 378kB/s]
 87%|████████▋ | 38.7M/44.7M [01:18<00:17, 352kB/s]
 87%|████████▋ | 38.8M/44.7M [01:18<00:17, 351kB/s]
 87%|████████▋ | 38.8M/44.7M [01:18<00:16, 363kB/s]
 87%|████████▋ | 38.9M/44.7M [01:18<00:17, 353kB/s]
 87%|████████▋ | 38.9M/44.7M [01:18<00:15, 389kB/s]
 87%|████████▋ | 39.0M/44.7M [01:18<00:13, 442kB/s]
 87%|████████▋ | 39.0M/44.7M [01:19<00:14, 403kB/s]
 87%|████████▋ | 39.1M/44.7M [01:19<00:16, 349kB/s]
 88%|████████▊ | 39.1M/44.7M [01:19<00:13, 427kB/s]
 88%|████████▊ | 39.2M/44.7M [01:19<00:13, 426kB/s]
 88%|████████▊ | 39.2M/44.7M [01:19<00:14, 404kB/s]
 88%|████████▊ | 39.3M/44.7M [01:19<00:18, 307kB/s]
 88%|████████▊ | 39.4M/44.7M [01:19<00:13, 418kB/s]
 88%|████████▊ | 39.4M/44.7M [01:20<00:14, 385kB/s]
 88%|████████▊ | 39.5M/44.7M [01:20<00:14, 377kB/s]
 89%|████████▊ | 39.5M/44.7M [01:20<00:13, 394kB/s]
 89%|████████▊ | 39.6M/44.7M [01:20<00:12, 416kB/s]
 89%|████████▊ | 39.6M/44.7M [01:20<00:15, 350kB/s]
 89%|████████▉ | 39.7M/44.7M [01:20<00:14, 361kB/s]
 89%|████████▉ | 39.8M/44.7M [01:21<00:12, 405kB/s]
 89%|████████▉ | 39.8M/44.7M [01:21<00:15, 326kB/s]
 89%|████████▉ | 39.9M/44.7M [01:21<00:11, 442kB/s]
 90%|████████▉ | 40.0M/44.7M [01:21<00:11, 417kB/s]
 90%|████████▉ | 40.0M/44.7M [01:21<00:12, 395kB/s]
 90%|████████▉ | 40.1M/44.7M [01:21<00:12, 377kB/s]
 90%|████████▉ | 40.1M/44.7M [01:22<00:11, 413kB/s]
 90%|█████████ | 40.2M/44.7M [01:22<00:12, 389kB/s]
 90%|█████████ | 40.2M/44.7M [01:22<00:11, 400kB/s]
 90%|█████████ | 40.3M/44.7M [01:22<00:12, 360kB/s]
 90%|█████████ | 40.3M/44.7M [01:22<00:14, 307kB/s]
 90%|█████████ | 40.4M/44.7M [01:22<00:13, 326kB/s]
 91%|█████████ | 40.4M/44.7M [01:23<00:13, 338kB/s]
 91%|█████████ | 40.5M/44.7M [01:23<00:13, 325kB/s]
 91%|█████████ | 40.6M/44.7M [01:23<00:12, 333kB/s]
 91%|█████████ | 40.6M/44.7M [01:23<00:12, 345kB/s]
 91%|█████████ | 40.7M/44.7M [01:23<00:10, 403kB/s]
 91%|█████████ | 40.8M/44.7M [01:24<00:13, 305kB/s]
 91%|█████████▏| 40.8M/44.7M [01:24<00:10, 372kB/s]
 92%|█████████▏| 40.9M/44.7M [01:24<00:09, 426kB/s]
 92%|█████████▏| 41.0M/44.7M [01:24<00:09, 412kB/s]
 92%|█████████▏| 41.0M/44.7M [01:24<00:10, 364kB/s]
 92%|█████████▏| 41.1M/44.7M [01:24<00:13, 287kB/s]
 92%|█████████▏| 41.2M/44.7M [01:25<00:07, 455kB/s]
 93%|█████████▎| 41.3M/44.7M [01:25<00:06, 505kB/s]
 93%|█████████▎| 41.4M/44.7M [01:25<00:06, 505kB/s]
 93%|█████████▎| 41.5M/44.7M [01:25<00:07, 458kB/s]
 93%|█████████▎| 41.5M/44.7M [01:25<00:05, 555kB/s]
 93%|█████████▎| 41.6M/44.7M [01:25<00:05, 555kB/s]
 93%|█████████▎| 41.7M/44.7M [01:25<00:04, 635kB/s]
 94%|█████████▎| 41.8M/44.7M [01:26<00:05, 540kB/s]
 94%|█████████▎| 41.8M/44.7M [01:26<00:06, 430kB/s]
 94%|█████████▍| 42.0M/44.7M [01:26<00:04, 599kB/s]
 94%|█████████▍| 42.1M/44.7M [01:26<00:03, 787kB/s]
 95%|█████████▍| 42.2M/44.7M [01:26<00:03, 806kB/s]
 95%|█████████▍| 42.3M/44.7M [01:26<00:03, 698kB/s]
 95%|█████████▌| 42.4M/44.7M [01:27<00:03, 640kB/s]
 95%|█████████▌| 42.6M/44.7M [01:27<00:02, 914kB/s]
 96%|█████████▌| 42.8M/44.7M [01:27<00:03, 574kB/s]
 96%|█████████▌| 43.0M/44.7M [01:27<00:02, 821kB/s]
 96%|█████████▋| 43.1M/44.7M [01:28<00:02, 689kB/s]
 97%|█████████▋| 43.2M/44.7M [01:28<00:02, 685kB/s]
 97%|█████████▋| 43.4M/44.7M [01:28<00:01, 849kB/s]
 98%|█████████▊| 43.6M/44.7M [01:28<00:01, 890kB/s]
 98%|█████████▊| 43.7M/44.7M [01:28<00:01, 819kB/s]
 98%|█████████▊| 43.9M/44.7M [01:28<00:00, 1.03MB/s]
 99%|█████████▊| 44.0M/44.7M [01:29<00:00, 953kB/s] 
 99%|█████████▉| 44.1M/44.7M [01:29<00:00, 904kB/s]
 99%|█████████▉| 44.2M/44.7M [01:29<00:00, 946kB/s]
 99%|█████████▉| 44.4M/44.7M [01:29<00:00, 926kB/s]
100%|█████████▉| 44.5M/44.7M [01:29<00:00, 1.08MB/s]
100%|█████████▉| 44.7M/44.7M [01:29<00:00, 987kB/s] 
100%|██████████| 44.7M/44.7M [01:29<00:00, 522kB/s]
Traceback (most recent call last):
  File "data_utils/face_parsing/test.py", line 148, in <module>
    evaluate(respth=args.respath, dspth=args.imgpath, cp=args.modelpath)
  File "data_utils/face_parsing/test.py", line 113, in evaluate
    net.load_state_dict(torch.load(cp))
  File "/usr/local/lib/python3.8/dist-packages/torch/serialization.py", line 699, in load
    with _open_file_like(f, 'rb') as opened_file:
  File "/usr/local/lib/python3.8/dist-packages/torch/serialization.py", line 230, in _open_file_like
    return _open_file(name_or_buffer, mode)
  File "/usr/local/lib/python3.8/dist-packages/torch/serialization.py", line 211, in __init__
    super(_open_file, self).__init__(open(name, mode))
FileNotFoundError: [Errno 2] No such file or directory: 'data_utils/face_parsing/79999_iter.pth'

  0%|          | 0/400 [00:00<?, ?it/s][ WARN:0@99.124] global loadsave.cpp:275 findDecoder imread_('data/Obama/parsing/5246.png'): can't open/read file: check file path/integrity

  0%|          | 0/400 [00:00<?, ?it/s]
Traceback (most recent call last):
  File "data_utils/process.py", line 461, in <module>
    extract_background(base_dir, ori_imgs_dir)
  File "data_utils/process.py", line 88, in extract_background
    bg = (parse_img[..., 0] == 255) & (parse_img[..., 1] == 255) & (parse_img[..., 2] == 255)
TypeError: 'NoneType' object is not subscriptable

